<?xml version="1.0" encoding="UTF-8"?>
<!-- Generated by org.testng.reporters.JUnitXMLReporter -->
<testsuite ignored="0" hostname="X-thing" failures="0" tests="9" name="Test" time="83.529" errors="0" timestamp="2026-03-25T15:38:00 IST">
  <testcase classname="Modules.CampaignsTest" name="createCampaignTest" time="2.971"/>
  <testcase classname="Modules.ContactsTest" name="createContactTest" time="3.088"/>
  <testcase classname="Modules.LeadsTest" name="createLeadTest" time="3.515"/>
  <testcase classname="Modules.OpportunitiesTest" name="createOpportunityTest" time="3.163"/>
  <testcase classname="Modules.ProductsTest" name="createProductTest" time="2.11"/>
  <testcase classname="Modules.QuotesTest" name="createQuoteTest" time="5.646"/>
  <testcase classname="Modules.PurchaseOrdersTest" name="createPurchaseOrderTest" time="4.555"/>
  <testcase classname="Modules.SalesOrdersTest" name="createSalesOrderTest" time="6.451"/>
  <testcase classname="Modules.InvoicesTest" name="createInvoiceTest" time="6.284"/>
</testsuite> <!-- Test -->
